<?xml version="1.0" encoding="UTF-8"?>
<!-- Generated by org.testng.reporters.JUnitXMLReporter -->
<testsuite ignored="0" hostname="NishaAbishek" failures="0" tests="5" name="Test" time="4.774" errors="0" timestamp="02 Aug. 2023 22:10:43 GMT">
  <testcase classname="com.jiraapiautomation.JiraAPI.tests.CreateIssueMetaDataTest" name="extractProductIdIssueId" time="1.67"/>
  <testcase classname="com.jiraapiautomation.JiraAPI.tests.CreateIssueTest" name="verifyCreateIssueFromMetaData" time="1.21"/>
  <testcase classname="com.jiraapiautomation.JiraAPI.tests.EditIssueMetaDataTest" name="extractEditIssueMetaData" time="0.638"/>
  <testcase classname="com.jiraapiautomation.JiraAPI.tests.EditIssueTest" name="validateEditIssue" time="0.499"/>
  <testcase classname="com.jiraapiautomation.JiraAPI.tests.DeleteIssueTest" name="validateDeleteIssue" time="0.458"/>
</testsuite> <!-- Test -->
