<?xml version="1.0" encoding="UTF-8"?>
<!-- Generated by org.testng.reporters.JUnitXMLReporter -->
<testsuite ignored="1" hostname="NishaAbishek" failures="0" tests="1" name="Default test" time="19.107" errors="0" timestamp="2023-10-19T15:13:09 MDT">
  <testcase classname="com.SeleniumOauth2.Oauth2.Tests.MyAppBasicInformationTest" name="verifyClientId" time="14.385"/>
  <testcase classname="com.SeleniumOauth2.Oauth2.Tests.MyAppBasicInformationTest" name="test" time="0.0">
    <ignored/>
  </testcase> <!-- test -->
</testsuite> <!-- Default test -->
