<?xml version="1.0" encoding="UTF-8"?>
<!-- Generated by org.testng.reporters.JUnitXMLReporter -->
<testsuite ignored="2" hostname="NishaAbishek" failures="0" tests="8" name="Default test" time="0.074" errors="0" timestamp="25 May 2023 23:22:26 GMT">
  <testcase classname="testNGDemo.FirstTest" name="test1" time="0.003"/>
  <testcase classname="testNGDemo.FirstTest" name="test2" time="0.001"/>
  <testcase classname="testNGDemo.FirstTest" name="test2" time="0.001"/>
  <testcase classname="testNGDemo.FirstTest" name="test2" time="0.0"/>
  <testcase classname="testNGDemo.FirstTest" name="test2" time="0.014"/>
  <testcase classname="testNGDemo.FirstTest" name="test6" time="0.001"/>
  <testcase classname="testNGDemo.FirstTest" name="test7" time="0.001"/>
  <testcase classname="testNGDemo.FirstTest" name="test5" time="0.001"/>
  <testcase classname="testNGDemo.FirstTest" name="test3" time="0.0">
    <ignored/>
  </testcase> <!-- test3 -->
  <testcase classname="testNGDemo.FirstTest" name="test4" time="0.0">
    <ignored/>
  </testcase> <!-- test4 -->
</testsuite> <!-- Default test -->
