<?xml version="1.0" encoding="UTF-8"?>
<testng-results ignored="2" total="10" passed="8" failed="0" skipped="0">
  <reporter-output>
  </reporter-output>
  <suite started-at="2023-05-25T23:22:26Z" name="Default suite" finished-at="2023-05-25T23:22:26Z" duration-ms="74">
    <groups>
    </groups>
    <test started-at="2023-05-25T23:22:26Z" name="Default test" finished-at="2023-05-25T23:22:26Z" duration-ms="74">
      <class name="testNGDemo.FirstTest">
        <test-method is-config="true" signature="beforeTestMethod()[pri:0, instance:testNGDemo.FirstTest@421e361]" started-at="2023-05-25T23:22:26Z" name="beforeTestMethod" finished-at="2023-05-25T23:22:26Z" duration-ms="7" status="PASS">
          <reporter-output>
          </reporter-output>
        </test-method> <!-- beforeTestMethod -->
        <test-method signature="test1()[pri:0, instance:testNGDemo.FirstTest@421e361]" started-at="2023-05-25T23:22:26Z" name="test1" finished-at="2023-05-25T23:22:26Z" duration-ms="3" status="PASS">
          <reporter-output>
          </reporter-output>
        </test-method> <!-- test1 -->
        <test-method signature="test2()[pri:0, instance:testNGDemo.FirstTest@421e361]" started-at="2023-05-25T23:22:26Z" name="test2" finished-at="2023-05-25T23:22:26Z" duration-ms="1" status="PASS">
          <reporter-output>
          </reporter-output>
        </test-method> <!-- test2 -->
        <test-method signature="test2()[pri:0, instance:testNGDemo.FirstTest@421e361]" started-at="2023-05-25T23:22:26Z" name="test2" finished-at="2023-05-25T23:22:26Z" duration-ms="1" status="PASS">
          <reporter-output>
          </reporter-output>
        </test-method> <!-- test2 -->
        <test-method signature="test2()[pri:0, instance:testNGDemo.FirstTest@421e361]" started-at="2023-05-25T23:22:26Z" name="test2" finished-at="2023-05-25T23:22:26Z" duration-ms="0" status="PASS">
          <reporter-output>
          </reporter-output>
        </test-method> <!-- test2 -->
        <test-method signature="test2()[pri:0, instance:testNGDemo.FirstTest@421e361]" started-at="2023-05-25T23:22:26Z" name="test2" finished-at="2023-05-25T23:22:26Z" duration-ms="14" status="PASS">
          <reporter-output>
          </reporter-output>
        </test-method> <!-- test2 -->
        <test-method signature="test6()[pri:0, instance:testNGDemo.FirstTest@421e361]" started-at="2023-05-25T23:22:26Z" name="test6" finished-at="2023-05-25T23:22:26Z" duration-ms="1" status="PASS">
          <reporter-output>
          </reporter-output>
        </test-method> <!-- test6 -->
        <test-method signature="test7()[pri:0, instance:testNGDemo.FirstTest@421e361]" started-at="2023-05-25T23:22:26Z" name="test7" finished-at="2023-05-25T23:22:26Z" duration-ms="1" status="PASS">
          <reporter-output>
          </reporter-output>
        </test-method> <!-- test7 -->
        <test-method signature="test5()[pri:0, instance:testNGDemo.FirstTest@421e361]" started-at="2023-05-25T23:22:26Z" name="test5" finished-at="2023-05-25T23:22:26Z" depends-on-methods="testNGDemo.FirstTest.test6" duration-ms="1" status="PASS">
          <reporter-output>
          </reporter-output>
        </test-method> <!-- test5 -->
        <test-method is-config="true" signature="afterTestMethod()[pri:0, instance:testNGDemo.FirstTest@421e361]" started-at="2023-05-25T23:22:26Z" name="afterTestMethod" finished-at="2023-05-25T23:22:26Z" duration-ms="1" status="PASS">
          <reporter-output>
          </reporter-output>
        </test-method> <!-- afterTestMethod -->
      </class> <!-- testNGDemo.FirstTest -->
    </test> <!-- Default test -->
  </suite> <!-- Default suite -->
</testng-results>
