<?xml version="1.0" encoding="UTF-8"?>
<testng-results ignored="1" total="2" passed="1" failed="0" skipped="0">
  <reporter-output>
  </reporter-output>
  <suite started-at="2023-10-19T15:12:50 MDT" name="Default suite" finished-at="2023-10-19T15:13:09 MDT" duration-ms="19107">
    <groups>
    </groups>
    <test started-at="2023-10-19T15:12:50 MDT" name="Default test" finished-at="2023-10-19T15:13:09 MDT" duration-ms="19107">
      <class name="com.SeleniumOauth2.Oauth2.Tests.MyAppBasicInformationTest">
        <test-method is-config="true" signature="setUpLogger()[pri:0, instance:com.SeleniumOauth2.Oauth2.Tests.MyAppBasicInformationTest@25ce9dc4]" started-at="2023-10-19T15:12:50 MDT" name="setUpLogger" finished-at="2023-10-19T15:12:50 MDT" duration-ms="79" status="PASS">
          <reporter-output>
          </reporter-output>
        </test-method> <!-- setUpLogger -->
        <test-method is-config="true" signature="setUp()[pri:0, instance:com.SeleniumOauth2.Oauth2.Tests.MyAppBasicInformationTest@25ce9dc4]" started-at="2023-10-19T15:12:50 MDT" name="setUp" finished-at="2023-10-19T15:12:54 MDT" duration-ms="4264" status="PASS">
          <reporter-output>
          </reporter-output>
        </test-method> <!-- setUp -->
        <test-method signature="verifyClientId()[pri:0, instance:com.SeleniumOauth2.Oauth2.Tests.MyAppBasicInformationTest@25ce9dc4]" started-at="2023-10-19T15:12:54 MDT" name="verifyClientId" finished-at="2023-10-19T15:13:09 MDT" duration-ms="14385" status="PASS">
          <reporter-output>
          </reporter-output>
        </test-method> <!-- verifyClientId -->
        <test-method is-config="true" signature="quit()[pri:0, instance:com.SeleniumOauth2.Oauth2.Tests.MyAppBasicInformationTest@25ce9dc4]" started-at="2023-10-19T15:13:09 MDT" name="quit" finished-at="2023-10-19T15:13:09 MDT" duration-ms="379" status="PASS">
          <reporter-output>
          </reporter-output>
        </test-method> <!-- quit -->
      </class> <!-- com.SeleniumOauth2.Oauth2.Tests.MyAppBasicInformationTest -->
    </test> <!-- Default test -->
  </suite> <!-- Default suite -->
</testng-results>
